Arguments: 
  /home/kholids/.nvm/versions/node/v14.17.5/bin/node /home/kholids/.nvm/versions/node/v14.17.5/bin/yarn

PATH: 
  /home/kholids/.composer/vendor/bin:/home/kholids/go/bin:/usr/local/go/bin:/home/kholids/.config/composer/vendor/bin:/home/kholids/.composer/vendor/bin:/home/kholids/go/bin:/usr/local/go/bin:/home/kholids/.nvm/versions/node/v14.17.5/bin:/home/kholids/.config/composer/vendor/bin:/usr/local/sbin:/usr/local/bin:/usr/sbin:/usr/bin:/sbin:/bin:/usr/games:/usr/local/games:/snap/bin:/home/kholids/.composer/vendor/bin:/home/kholids/.config/composer/vendor/bin

Yarn version: 
  1.22.17

Node version: 
  14.17.5

Platform: 
  linux x64

Trace: 
  Error: getaddrinfo EAI_AGAIN registry.yarnpkg.com
      at GetAddrInfoReqWrap.onlookup [as oncomplete] (dns.js:69:26)

npm manifest: 
  {
    "name": "basic-vue3",
    "version": "0.0.0",
    "scripts": {
      "dev": "vite",
      "build": "vite build",
      "serve": "vite preview"
    },
    "dependencies": {
      "vue": "^3.2.16"
    },
    "devDependencies": {
      "@vitejs/plugin-vue": "^1.9.3",
      "vite": "^2.6.4"
    }
  }

yarn manifest: 
  No manifest

Lockfile: 
  No lockfile
